#
# A fatal error has been detected by the Java Runtime Environment:
#
#  Internal Error (safepoint.cpp:716), pid=70770, tid=0x00000000000093cb
#  fatal error: Illegal threadstate encountered: 4
#
# JRE version: Java(TM) SE Runtime Environment (8.0_291-b10) (build 1.8.0_291-b10)
# Java VM: Java HotSpot(TM) 64-Bit Server VM (25.291-b10 mixed mode bsd-amd64 compressed oops)
# Failed to write core dump. Core dumps have been disabled. To enable core dumping, try "ulimit -c unlimited" before starting Java again
#
# If you would like to submit a bug report, please visit:
#   http://bugreport.java.com/bugreport/crash.jsp
# The crash happened outside the Java Virtual Machine in native code.
# See problematic frame for where to report the bug.
#

---------------  T H R E A D  ---------------

Current thread (0x00007ff42c0bd000):  JavaThread "Thread-1" daemon [_thread_in_native, id=37835, stack(0x000000030718b000,0x000000030728b000)]

Stack: [0x000000030718b000,0x000000030728b000],  sp=0x0000000307289f10,  free space=1019k
Native frames: (J=compiled Java code, j=interpreted, Vv=VM code, C=native code)
V  [libjvm.dylib+0x59a4cf]
V  [libjvm.dylib+0x1d2fb3]
V  [libjvm.dylib+0x4e6847]
V  [libjvm.dylib+0x560d5f]
V  [libjvm.dylib+0x2fce0e]
C  [libglass.dylib+0x88f8]  -[GlassRunnable dealloc]+0x28
C  [Foundation+0x80eab]  -[_NSThreadPerformInfo dealloc]+0x2a
C  [Foundation+0x4dcd7]  -[NSObject(NSThreadPerformAdditions) performSelectorOnMainThread:withObject:waitUntilDone:]+0x7c
J 1884  com.sun.glass.ui.mac.MacApplication._submitForLaterInvocation(Ljava/lang/Runnable;)V (0 bytes) @ 0x000000010c4f773c [0x000000010c4f7680+0xbc]
J 1883 C1 com.sun.glass.ui.mac.MacApplication.submitForLaterInvocation(Ljava/lang/Runnable;)V (6 bytes) @ 0x000000010c4f867c [0x000000010c4f8600+0x7c]
j  com.sun.glass.ui.InvokeLaterDispatcher.run()V+82
v  ~StubRoutines::call_stub
V  [libjvm.dylib+0x2d5933]
V  [libjvm.dylib+0x2d4796]
V  [libjvm.dylib+0x2d4977]
V  [libjvm.dylib+0x341c69]
V  [libjvm.dylib+0x55f5aa]
V  [libjvm.dylib+0x55f46f]
V  [libjvm.dylib+0x48c57b]
C  [libsystem_pthread.dylib+0x64f4]  _pthread_start+0x7d
C  [libsystem_pthread.dylib+0x200f]  thread_start+0xf
C  0x0000000000000000

Java frames: (J=compiled Java code, j=interpreted, Vv=VM code)
J 1884  com.sun.glass.ui.mac.MacApplication._submitForLaterInvocation(Ljava/lang/Runnable;)V (0 bytes) @ 0x000000010c4f76cc [0x000000010c4f7680+0x4c]
J 1883 C1 com.sun.glass.ui.mac.MacApplication.submitForLaterInvocation(Ljava/lang/Runnable;)V (6 bytes) @ 0x000000010c4f867c [0x000000010c4f8600+0x7c]
j  com.sun.glass.ui.InvokeLaterDispatcher.run()V+82
v  ~StubRoutines::call_stub

---------------  P R O C E S S  ---------------

Java Threads: ( => current thread )
  0x00007ff42c15b000 JavaThread "PulseTimer-CVDisplayLink thread" daemon [_thread_in_native, id=63559, stack(0x000000030728e000,0x000000030730e000)]
  0x00007ff42a8e8000 JavaThread "Prism Font Disposer" daemon [_thread_blocked, id=80951, stack(0x00000003075a7000,0x00000003076a7000)]
  0x00007ff42a22c800 JavaThread "JavaFX-Launcher" [_thread_blocked, id=77435, stack(0x0000000307394000,0x0000000307494000)]
  0x00007ff42a87a000 JavaThread "JavaFX Application Thread" [_thread_in_native_trans, id=259, stack(0x0000000305335000,0x0000000305b35000)]
=>0x00007ff42c0bd000 JavaThread "Thread-1" daemon [_thread_in_native, id=37835, stack(0x000000030718b000,0x000000030728b000)]
  0x00007ff42c073800 JavaThread "QuantumRenderer-0" daemon [_thread_blocked, id=24503, stack(0x0000000307088000,0x0000000307188000)]
  0x00007ff42a830000 JavaThread "Service Thread" daemon [_thread_blocked, id=42499, stack(0x0000000306e82000,0x0000000306f82000)]
  0x00007ff42a817000 JavaThread "C1 CompilerThread3" daemon [_thread_blocked, id=43011, stack(0x0000000306d7f000,0x0000000306e7f000)]
  0x00007ff42a069000 JavaThread "C2 CompilerThread2" daemon [_thread_blocked, id=22275, stack(0x0000000306c7c000,0x0000000306d7c000)]
  0x00007ff42a068800 JavaThread "C2 CompilerThread1" daemon [_thread_blocked, id=22019, stack(0x0000000306b79000,0x0000000306c79000)]
  0x00007ff42a066800 JavaThread "C2 CompilerThread0" daemon [_thread_blocked, id=15619, stack(0x0000000306a76000,0x0000000306b76000)]
  0x00007ff42a816800 JavaThread "Signal Dispatcher" daemon [_thread_blocked, id=15875, stack(0x0000000306973000,0x0000000306a73000)]
  0x00007ff42c00f800 JavaThread "Finalizer" daemon [_thread_blocked, id=17951, stack(0x00000003066da000,0x00000003067da000)]
  0x00007ff42c00c800 JavaThread "Reference Handler" daemon [_thread_blocked, id=18723, stack(0x00000003065d7000,0x00000003066d7000)]
  0x00007ff42a013000 JavaThread "main" [_thread_blocked, id=9731, stack(0x0000000305bb9000,0x0000000305cb9000)]

Other Threads:
  0x00007ff42a05f000 VMThread [stack: 0x00000003064d4000,0x00000003065d4000] [id=18947]
  0x00007ff42b832800 WatcherThread [stack: 0x0000000306f85000,0x0000000307085000] [id=23323]

VM state:not at safepoint (normal execution)

VM Mutex/Monitor currently owned by a thread: None

heap address: 0x00000006c0000000, size: 4096 MB, Compressed Oops mode: Zero based, Oop shift amount: 3
Narrow klass base: 0x0000000000000000, Narrow klass shift: 3
Compressed class space size: 1073741824 Address: 0x00000007c0000000

Heap:
 PSYoungGen      total 76288K, used 42320K [0x000000076ab00000, 0x0000000770000000, 0x00000007c0000000)
  eden space 65536K, 64% used [0x000000076ab00000,0x000000076d454368,0x000000076eb00000)
  from space 10752K, 0% used [0x000000076f580000,0x000000076f580000,0x0000000770000000)
  to   space 10752K, 0% used [0x000000076eb00000,0x000000076eb00000,0x000000076f580000)
 ParOldGen       total 175104K, used 0K [0x00000006c0000000, 0x00000006cab00000, 0x000000076ab00000)
  object space 175104K, 0% used [0x00000006c0000000,0x00000006c0000000,0x00000006cab00000)
 Metaspace       used 13685K, capacity 14302K, committed 14336K, reserved 1060864K
  class space    used 1808K, capacity 2036K, committed 2048K, reserved 1048576K

Card table byte_map: [0x0000000109876000,0x000000010a077000] byte_map_base: 0x0000000106276000

Marking Bits: (ParMarkBitMap*) 0x000000010a87b288
 Begin Bits: [0x000000011b48c000, 0x000000011f48c000)
 End Bits:   [0x000000011f48c000, 0x000000012348c000)

Polling page: 0x0000000109397000

CodeCache: size=245760Kb used=7149Kb max_used=7160Kb free=238610Kb
 bounds [0x000000010bf36000, 0x000000010c646000, 0x000000011af36000]
 total_blobs=2789 nmethods=2201 adapters=501
 compilation: enabled

Compilation events (10 events):
Event: 13.716 Thread 0x00007ff42a817000 2198   !   3       javafx.scene.Scene$ScenePeerPaintListener::frameRendered (37 bytes)
Event: 13.717 Thread 0x00007ff42a817000 nmethod 2198 0x000000010c62fe90 code [0x000000010c630060, 0x000000010c630878]
Event: 13.717 Thread 0x00007ff42a817000 2199       3       javafx.scene.Scene::access$000 (4 bytes)
Event: 13.717 Thread 0x00007ff42a817000 nmethod 2199 0x000000010c630c10 code [0x000000010c630d60, 0x000000010c630e90]
Event: 13.811 Thread 0x00007ff42a069000 2200       4       javafx.beans.property.StringPropertyBase::set (9 bytes)
Event: 13.815 Thread 0x00007ff42a069000 nmethod 2200 0x000000010c633d50 code [0x000000010c633ec0, 0x000000010c6340e8]
Event: 13.828 Thread 0x00007ff42a068800 2201   !   4       com.sun.scenario.animation.shared.TimelineClipCore::visitKeyFrame (85 bytes)
Event: 13.858 Thread 0x00007ff42a068800 nmethod 2201 0x000000010c634290 code [0x000000010c634580, 0x000000010c635420]
Event: 14.079 Thread 0x00007ff42a066800 2202       4       javafx.animation.AnimationAccessorImpl::jumpTo (10 bytes)
Event: 14.087 Thread 0x00007ff42a066800 nmethod 2202 0x000000010c631d50 code [0x000000010c631ee0, 0x000000010c6321f8]

GC Heap History (0 events):
No events

Deoptimization events (10 events):
Event: 4.306 Thread 0x00007ff42c073800 Uncommon trap: reason=unstable_if action=reinterpret pc=0x000000010c3a015c method=com.sun.javafx.sg.prism.NGNode.computeNodeRenderRoot(Lcom/sun/javafx/sg/prism/NodePath;Lcom/sun/javafx/geom/RectBounds;ILcom/sun/javafx/geom/transform/BaseTransform;Lcom/sun
Event: 4.306 Thread 0x00007ff42c073800 Uncommon trap: reason=unstable_if action=reinterpret pc=0x000000010c39982c method=com.sun.javafx.sg.prism.NGNode.render(Lcom/sun/prism/Graphics;)V @ 19
Event: 6.271 Thread 0x00007ff42a87a000 Uncommon trap: reason=unstable_if action=reinterpret pc=0x000000010c468448 method=application.BallPane.checkUpOrDown(DD)Z @ 90
Event: 6.271 Thread 0x00007ff42a87a000 Uncommon trap: reason=unstable_if action=reinterpret pc=0x000000010c32b4dc method=application.BallPane.checkUpOrDown(DD)Z @ 90
Event: 6.271 Thread 0x00007ff42a87a000 Uncommon trap: reason=unstable_if action=reinterpret pc=0x000000010c3e5830 method=application.BallPane.checkLeftOrRight(DD)Z @ 54
Event: 6.288 Thread 0x00007ff42a87a000 Uncommon trap: reason=unstable_if action=reinterpret pc=0x000000010c45f184 method=application.BallPane.checkLeftOrRight(DD)Z @ 54
Event: 8.990 Thread 0x00007ff42a87a000 Uncommon trap: reason=unstable_if action=reinterpret pc=0x000000010c52a280 method=application.BallPane.checkLeftOrRight(DD)Z @ 72
Event: 12.393 Thread 0x00007ff42a87a000 Uncommon trap: reason=unstable_if action=reinterpret pc=0x000000010c5c8510 method=application.BallPane.checkEdge(DD)Z @ 42
Event: 12.394 Thread 0x00007ff42a87a000 Uncommon trap: reason=unstable_if action=reinterpret pc=0x000000010c3e69fc method=application.BallPane.checkEdge(DD)Z @ 42
Event: 12.427 Thread 0x00007ff42a87a000 Uncommon trap: reason=unstable_if action=reinterpret pc=0x000000010c4c7374 method=application.BallPane.checkLeftOrRight(DD)Z @ 72

Classes redefined (0 events):
No events

Internal exceptions (10 events):
Event: 0.052 Thread 0x00007ff42a013000 Exception <a 'java/lang/NoSuchMethodError': Method sun.misc.Unsafe.prefetchRead(Ljava/lang/Object;J)V name or signature does not match> (0x000000076ab07fa8) thrown at [/System/Volumes/Data/jenkins/workspace/8-2-build-macosx-x86_64/jdk8u291/1294/hotspot/sr
Event: 0.186 Thread 0x00007ff42a013000 Exception <a 'java/lang/NoSuchFieldError': method resolution failed> (0x000000076adbcab0) thrown at [/System/Volumes/Data/jenkins/workspace/8-2-build-macosx-x86_64/jdk8u291/1294/hotspot/src/share/vm/prims/methodHandles.cpp, line 1169]
Event: 0.195 Thread 0x00007ff42a013000 Exception <a 'java/lang/NoSuchFieldError': method resolution failed> (0x000000076adc9e00) thrown at [/System/Volumes/Data/jenkins/workspace/8-2-build-macosx-x86_64/jdk8u291/1294/hotspot/src/share/vm/prims/methodHandles.cpp, line 1169]
Event: 0.231 Thread 0x00007ff42a013000 Exception <a 'java/security/PrivilegedActionException'> (0x000000076ae58168) thrown at [/System/Volumes/Data/jenkins/workspace/8-2-build-macosx-x86_64/jdk8u291/1294/hotspot/src/share/vm/prims/jvm.cpp, line 1523]
Event: 0.232 Thread 0x00007ff42a013000 Exception <a 'java/security/PrivilegedActionException'> (0x000000076ae58378) thrown at [/System/Volumes/Data/jenkins/workspace/8-2-build-macosx-x86_64/jdk8u291/1294/hotspot/src/share/vm/prims/jvm.cpp, line 1523]
Event: 0.232 Thread 0x00007ff42a013000 Exception <a 'java/security/PrivilegedActionException'> (0x000000076ae5c9d0) thrown at [/System/Volumes/Data/jenkins/workspace/8-2-build-macosx-x86_64/jdk8u291/1294/hotspot/src/share/vm/prims/jvm.cpp, line 1523]
Event: 0.232 Thread 0x00007ff42a013000 Exception <a 'java/security/PrivilegedActionException'> (0x000000076ae5cbe0) thrown at [/System/Volumes/Data/jenkins/workspace/8-2-build-macosx-x86_64/jdk8u291/1294/hotspot/src/share/vm/prims/jvm.cpp, line 1523]
Event: 0.232 Thread 0x00007ff42a013000 Exception <a 'java/lang/NullPointerException'> (0x000000076ae5d1b8) thrown at [/System/Volumes/Data/jenkins/workspace/8-2-build-macosx-x86_64/jdk8u291/1294/hotspot/src/share/vm/interpreter/linkResolver.cpp, line 1185]
Event: 0.627 Thread 0x00007ff42a87a000 Exception <a 'java/lang/NullPointerException'> (0x000000076baf3ee0) thrown at [/System/Volumes/Data/jenkins/workspace/8-2-build-macosx-x86_64/jdk8u291/1294/hotspot/src/share/vm/interpreter/linkResolver.cpp, line 1185]
Event: 0.627 Thread 0x00007ff42a87a000 Exception <a 'java/lang/NullPointerException'> (0x000000076baf3ee0) thrown at [/System/Volumes/Data/jenkins/workspace/8-2-build-macosx-x86_64/jdk8u291/1294/hotspot/src/share/vm/prims/jvm.cpp, line 1527]

Events (10 events):
Event: 12.860 Thread 0x00007ff42a87a000 DEOPT PACKING pc=0x000000010c61863a sp=0x0000000305b2f780
Event: 12.861 Thread 0x00007ff42a87a000 DEOPT UNPACKING pc=0x000000010bf7d384 sp=0x0000000305b2f598 mode 0
Event: 13.027 Thread 0x00007ff42a87a000 DEOPT PACKING pc=0x000000010c61863a sp=0x0000000305b2f780
Event: 13.027 Thread 0x00007ff42a87a000 DEOPT UNPACKING pc=0x000000010bf7d384 sp=0x0000000305b2f598 mode 0
Event: 13.129 Thread 0x00007ff42c073800 DEOPT PACKING pc=0x000000010c42761a sp=0x0000000307187140
Event: 13.129 Thread 0x00007ff42c073800 DEOPT UNPACKING pc=0x000000010bf7d384 sp=0x0000000307186f48 mode 0
Event: 13.194 Thread 0x00007ff42a87a000 DEOPT PACKING pc=0x000000010c61863a sp=0x0000000305b2f780
Event: 13.194 Thread 0x00007ff42a87a000 DEOPT UNPACKING pc=0x000000010bf7d384 sp=0x0000000305b2f598 mode 0
Event: 13.361 Thread 0x00007ff42a87a000 DEOPT PACKING pc=0x000000010c61863a sp=0x0000000305b2f780
Event: 13.361 Thread 0x00007ff42a87a000 DEOPT UNPACKING pc=0x000000010bf7d384 sp=0x0000000305b2f598 mode 0


Dynamic libraries:
0x00007ff833ecc000 	/System/Library/Frameworks/Cocoa.framework/Versions/A/Cocoa
0x00007ff81f7ca000 	/System/Library/Frameworks/AppKit.framework/Versions/C/AppKit
0x00007ff822d29000 	/System/Library/Frameworks/CoreData.framework/Versions/A/CoreData
0x00007ff81dbe1000 	/System/Library/Frameworks/Foundation.framework/Versions/C/Foundation
0x00007ff827f45000 	/usr/lib/libSystem.B.dylib
0x00007ff82065c000 	/System/Library/PrivateFrameworks/UIFoundation.framework/Versions/A/UIFoundation
0x00007ff82de78000 	/System/Library/PrivateFrameworks/RemoteViewServices.framework/Versions/A/RemoteViewServices
0x00007ff826218000 	/System/Library/PrivateFrameworks/XCTTargetBootstrap.framework/Versions/A/XCTTargetBootstrap
0x00007ff829e11000 	/System/Library/PrivateFrameworks/InternationalSupport.framework/Versions/A/InternationalSupport
0x00007ff829e9b000 	/System/Library/PrivateFrameworks/UserActivity.framework/Versions/A/UserActivity
0x00007ff8291f8000 	/usr/lib/libspindump.dylib
0x00007ff8208ea000 	/System/Library/Frameworks/UniformTypeIdentifiers.framework/Versions/A/UniformTypeIdentifiers
0x00007ff824951000 	/usr/lib/libapp_launch_measurement.dylib
0x00007ff823705000 	/System/Library/PrivateFrameworks/CoreAnalytics.framework/Versions/A/CoreAnalytics
0x00007ff824954000 	/System/Library/PrivateFrameworks/CoreAutoLayout.framework/Versions/A/CoreAutoLayout
0x00007ff825b74000 	/System/Library/Frameworks/Metal.framework/Versions/A/Metal
0x00007ff826890000 	/usr/lib/liblangid.dylib
0x00007ff82621c000 	/System/Library/PrivateFrameworks/CoreSVG.framework/Versions/A/CoreSVG
0x00007ff821cb1000 	/System/Library/PrivateFrameworks/SkyLight.framework/Versions/A/SkyLight
0x00007ff822047000 	/System/Library/Frameworks/CoreGraphics.framework/Versions/A/CoreGraphics
0x00007ff82e4e7000 	/System/Library/Frameworks/Accelerate.framework/Versions/A/Accelerate
0x00007ff828c73000 	/System/Library/PrivateFrameworks/IconServices.framework/Versions/A/IconServices
0x00007ff825b59000 	/System/Library/Frameworks/IOSurface.framework/Versions/A/IOSurface
0x00007ff823733000 	/usr/lib/libDiagnosticMessagesClient.dylib
0x00007ff827e5f000 	/usr/lib/libz.1.dylib
0x00007ff831b58000 	/System/Library/Frameworks/ApplicationServices.framework/Versions/A/ApplicationServices
0x00007ff826204000 	/System/Library/PrivateFrameworks/DFRFoundation.framework/Versions/A/DFRFoundation
0x00007ff81f0bb000 	/usr/lib/libicucore.A.dylib
0x00007ff82ab36000 	/System/Library/Frameworks/AudioToolbox.framework/Versions/A/AudioToolbox
0x00007ff829e1d000 	/System/Library/PrivateFrameworks/DataDetectorsCore.framework/Versions/A/DataDetectorsCore
0x00007ff92570f000 	/System/Library/PrivateFrameworks/TextInput.framework/Versions/A/TextInput
0x00007ff821c35000 	/usr/lib/libMobileGestalt.dylib
0x00007ff825f0c000 	/System/Library/Frameworks/Carbon.framework/Versions/A/Frameworks/HIToolbox.framework/Versions/A/HIToolbox
0x00007ff82437e000 	/System/Library/Frameworks/QuartzCore.framework/Versions/A/QuartzCore
0x00007ff81ed5b000 	/System/Library/Frameworks/Security.framework/Versions/A/Security
0x00007ff82deb0000 	/System/Library/Frameworks/Carbon.framework/Versions/A/Frameworks/SpeechRecognition.framework/Versions/A/SpeechRecognition
0x00007ff8246b1000 	/System/Library/PrivateFrameworks/CoreUI.framework/Versions/A/CoreUI
0x00007ff81e633000 	/System/Library/Frameworks/CoreAudio.framework/Versions/A/CoreAudio
0x00007ff823821000 	/System/Library/Frameworks/DiskArbitration.framework/Versions/A/DiskArbitration
0x00007ff8295db000 	/System/Library/PrivateFrameworks/MultitouchSupport.framework/Versions/A/MultitouchSupport
0x00007ff821c34000 	/usr/lib/libenergytrace.dylib
0x00007ff81f6b6000 	/System/Library/Frameworks/IOKit.framework/Versions/A/IOKit
0x00007ff82e29c000 	/System/Library/Frameworks/CoreServices.framework/Versions/A/CoreServices
0x00007ff8248eb000 	/System/Library/PrivateFrameworks/PerformanceAnalysis.framework/Versions/A/PerformanceAnalysis
0x00007ffa351f6000 	/System/Library/Frameworks/OpenGL.framework/Versions/A/OpenGL
0x00007ff82748c000 	/System/Library/PrivateFrameworks/MobileKeyBag.framework/Versions/A/MobileKeyBag
0x00007ff81cc79000 	/usr/lib/libobjc.A.dylib
0x00007ff822776000 	/System/Library/Frameworks/ColorSync.framework/Versions/A/ColorSync
0x00007ff81ce35000 	/System/Library/Frameworks/CoreFoundation.framework/Versions/A/CoreFoundation
0x00007ff826497000 	/System/Library/Frameworks/CoreImage.framework/Versions/A/CoreImage
0x00007ff81e449000 	/System/Library/Frameworks/CoreText.framework/Versions/A/CoreText
0x00007ff82624b000 	/System/Library/Frameworks/ImageIO.framework/Versions/A/ImageIO
0x00007ff827f4b000 	/System/Library/PrivateFrameworks/SoftLinking.framework/Versions/A/SoftLinking
0x00007ff82499c000 	/usr/lib/libxml2.2.dylib
0x00007ff81cd42000 	/usr/lib/libc++.1.dylib
0x00007ff8281cc000 	/usr/lib/libcompression.dylib
0x00007ff829d47000 	/System/Library/PrivateFrameworks/TextureIO.framework/Versions/A/TextureIO
0x00007ff8288ec000 	/usr/lib/libate.dylib
0x00007ff827f40000 	/usr/lib/system/libcache.dylib
0x00007ff827efc000 	/usr/lib/system/libcommonCrypto.dylib
0x00007ff827f25000 	/usr/lib/system/libcompiler_rt.dylib
0x00007ff827f1b000 	/usr/lib/system/libcopyfile.dylib
0x00007ff81cb73000 	/usr/lib/system/libcorecrypto.dylib
0x00007ff81cc32000 	/usr/lib/system/libdispatch.dylib
0x00007ff81cdf4000 	/usr/lib/system/libdyld.dylib
0x00007ff827f37000 	/usr/lib/system/libkeymgr.dylib
0x00007ff827eda000 	/usr/lib/system/libmacho.dylib
0x00007ff827560000 	/usr/lib/system/libquarantine.dylib
0x00007ff827f35000 	/usr/lib/system/libremovefile.dylib
0x00007ff821c81000 	/usr/lib/system/libsystem_asl.dylib
0x00007ff81cb21000 	/usr/lib/system/libsystem_blocks.dylib
0x00007ff81ccb9000 	/usr/lib/system/libsystem_c.dylib
0x00007ff827f2d000 	/usr/lib/system/libsystem_collections.dylib
0x00007ff826881000 	/usr/lib/system/libsystem_configuration.dylib
0x00007ff825b3c000 	/usr/lib/system/libsystem_containermanager.dylib
0x00007ff827c11000 	/usr/lib/system/libsystem_coreservices.dylib
0x00007ff81f344000 	/usr/lib/system/libsystem_darwin.dylib
0x00007ff827f38000 	/usr/lib/system/libsystem_dnssd.dylib
0x00007ff81ccb6000 	/usr/lib/system/libsystem_featureflags.dylib
0x00007ff81ce0a000 	/usr/lib/system/libsystem_info.dylib
0x00007ff827e72000 	/usr/lib/system/libsystem_m.dylib
0x00007ff81cc06000 	/usr/lib/system/libsystem_malloc.dylib
0x00007ff821c1e000 	/usr/lib/system/libsystem_networkextension.dylib
0x00007ff81f76c000 	/usr/lib/system/libsystem_notify.dylib
0x00007ff82e171000 	/usr/lib/system/libsystem_product_info_filter.dylib
0x00007ff826885000 	/usr/lib/system/libsystem_sandbox.dylib
0x00007ff827f32000 	/usr/lib/system/libsystem_secinit.dylib
0x00007ff81cdb1000 	/usr/lib/system/libsystem_kernel.dylib
0x00007ff81ce00000 	/usr/lib/system/libsystem_platform.dylib
0x00007ff81cde8000 	/usr/lib/system/libsystem_pthread.dylib
0x00007ff82354c000 	/usr/lib/system/libsystem_symptoms.dylib
0x00007ff81cb5a000 	/usr/lib/system/libsystem_trace.dylib
0x00007ff827f08000 	/usr/lib/system/libunwind.dylib
0x00007ff81cb23000 	/usr/lib/system/libxpc.dylib
0x00007ff81cd9b000 	/usr/lib/libc++abi.dylib
0x00007ff827f13000 	/usr/lib/liboah.dylib
0x00007ff8286a5000 	/usr/lib/liblzma.5.dylib
0x00007ff81d8f2000 	/System/Library/Frameworks/SystemConfiguration.framework/Versions/A/SystemConfiguration
0x00007ff827f47000 	/usr/lib/libfakelink.dylib
0x00007ff821787000 	/System/Library/Frameworks/CFNetwork.framework/Versions/A/CFNetwork
0x00007ff828086000 	/usr/lib/libarchive.2.dylib
0x00007ff82688c000 	/System/Library/PrivateFrameworks/AppleSystemInfo.framework/Versions/A/AppleSystemInfo
0x00007ff827587000 	/usr/lib/libbsm.0.dylib
0x00007ff820dbd000 	/usr/lib/libnetwork.dylib
0x00007ff827ee0000 	/usr/lib/system/libkxld.dylib
0x00007ff8271b5000 	/System/Library/PrivateFrameworks/IOMobileFramebuffer.framework/Versions/A/IOMobileFramebuffer
0x00007ffb32e62000 	/usr/lib/libCoreEntitlements.dylib
0x00007ff827bf3000 	/System/Library/PrivateFrameworks/AppleFSCompression.framework/Versions/A/AppleFSCompression
0x00007ff82756f000 	/usr/lib/libcoretls.dylib
0x00007ff8286bf000 	/usr/lib/libcoretls_cfhelpers.dylib
0x00007ff8281c7000 	/usr/lib/libpam.2.dylib
0x00007ff823172000 	/usr/lib/libsqlite3.dylib
0x00007ff82872e000 	/usr/lib/libxar.1.dylib
0x00007ff827c03000 	/usr/lib/libbz2.1.0.dylib
0x00007ff827f4c000 	/usr/lib/libpcap.A.dylib
0x00007ff823543000 	/usr/lib/libdns_services.dylib
0x00007ff828199000 	/usr/lib/libapple_nghttp2.dylib
0x00007ff827f83000 	/usr/lib/libiconv.2.dylib
0x00007ff827ed9000 	/usr/lib/libcharset.1.dylib
0x00007ff82491f000 	/System/Library/Frameworks/CoreServices.framework/Versions/A/Frameworks/FSEvents.framework/Versions/A/FSEvents
0x00007ff81f34e000 	/System/Library/Frameworks/CoreServices.framework/Versions/A/Frameworks/CarbonCore.framework/Versions/A/CarbonCore
0x00007ff823786000 	/System/Library/Frameworks/CoreServices.framework/Versions/A/Frameworks/Metadata.framework/Versions/A/Metadata
0x00007ff827c16000 	/System/Library/Frameworks/CoreServices.framework/Versions/A/Frameworks/OSServices.framework/Versions/A/OSServices
0x00007ff82810d000 	/System/Library/Frameworks/CoreServices.framework/Versions/A/Frameworks/SearchKit.framework/Versions/A/SearchKit
0x00007ff8234d5000 	/System/Library/Frameworks/CoreServices.framework/Versions/A/Frameworks/AE.framework/Versions/A/AE
0x00007ff81d336000 	/System/Library/Frameworks/CoreServices.framework/Versions/A/Frameworks/LaunchServices.framework/Versions/A/LaunchServices
0x00007ff828656000 	/System/Library/Frameworks/CoreServices.framework/Versions/A/Frameworks/DictionaryServices.framework/Versions/A/DictionaryServices
0x00007ff82492c000 	/System/Library/Frameworks/CoreServices.framework/Versions/A/Frameworks/SharedFileList.framework/Versions/A/SharedFileList
0x00007ff827563000 	/usr/lib/libCheckFix.dylib
0x00007ff821c98000 	/System/Library/PrivateFrameworks/TCC.framework/Versions/A/TCC
0x00007ff826892000 	/System/Library/PrivateFrameworks/CoreNLP.framework/Versions/A/CoreNLP
0x00007ff823736000 	/System/Library/PrivateFrameworks/MetadataUtilities.framework/Versions/A/MetadataUtilities
0x00007ff81d9a2000 	/usr/lib/libmecabra.dylib
0x00007ff827597000 	/usr/lib/libmecab.dylib
0x00007ff81d96d000 	/usr/lib/libCRFSuite.dylib
0x00007ff8275f4000 	/usr/lib/libgermantok.dylib
0x00007ff828174000 	/usr/lib/libThaiTokenizer.dylib
0x00007ff823828000 	/System/Library/Frameworks/Accelerate.framework/Versions/A/Frameworks/vImage.framework/Versions/A/vImage
0x00007ff82e273000 	/System/Library/Frameworks/Accelerate.framework/Versions/A/Frameworks/vecLib.framework/Versions/A/vecLib
0x00007ff82876f000 	/System/Library/Frameworks/Accelerate.framework/Versions/A/Frameworks/vecLib.framework/Versions/A/libvMisc.dylib
0x00007ff826fa9000 	/System/Library/Frameworks/Accelerate.framework/Versions/A/Frameworks/vecLib.framework/Versions/A/libvDSP.dylib
0x00007ff81d6ae000 	/System/Library/Frameworks/Accelerate.framework/Versions/A/Frameworks/vecLib.framework/Versions/A/libBLAS.dylib
0x00007ff8282a9000 	/System/Library/Frameworks/Accelerate.framework/Versions/A/Frameworks/vecLib.framework/Versions/A/libLAPACK.dylib
0x00007ff8275f7000 	/System/Library/Frameworks/Accelerate.framework/Versions/A/Frameworks/vecLib.framework/Versions/A/libLinearAlgebra.dylib
0x00007ff8281b2000 	/System/Library/Frameworks/Accelerate.framework/Versions/A/Frameworks/vecLib.framework/Versions/A/libSparseBLAS.dylib
0x00007ff8282a3000 	/System/Library/Frameworks/Accelerate.framework/Versions/A/Frameworks/vecLib.framework/Versions/A/libQuadrature.dylib
0x00007ff82697c000 	/System/Library/Frameworks/Accelerate.framework/Versions/A/Frameworks/vecLib.framework/Versions/A/libBNNS.dylib
0x00007ff81d883000 	/System/Library/Frameworks/Accelerate.framework/Versions/A/Frameworks/vecLib.framework/Versions/A/libSparse.dylib
0x00007ff826975000 	/System/Library/PrivateFrameworks/LinguisticData.framework/Versions/A/LinguisticData
0x00007ff81d838000 	/System/Library/PrivateFrameworks/Lexicon.framework/Versions/A/Lexicon
0x00007ff828768000 	/usr/lib/libChineseTokenizer.dylib
0x00007ff81df9c000 	/System/Library/PrivateFrameworks/LanguageModeling.framework/Versions/A/LanguageModeling
0x00007ff828176000 	/System/Library/PrivateFrameworks/AppleSauce.framework/Versions/A/AppleSauce
0x00007ff8271a3000 	/System/Library/PrivateFrameworks/CoreEmoji.framework/Versions/A/CoreEmoji
0x00007ff828075000 	/usr/lib/libcmph.dylib
0x00007ff824903000 	/System/Library/Frameworks/OpenDirectory.framework/Versions/A/Frameworks/CFOpenDirectory.framework/Versions/A/CFOpenDirectory
0x00007ff8248f7000 	/System/Library/Frameworks/OpenDirectory.framework/Versions/A/OpenDirectory
0x00007ff8286c1000 	/System/Library/PrivateFrameworks/APFS.framework/Versions/A/APFS
0x00007ff8274c4000 	/System/Library/Frameworks/SecurityFoundation.framework/Versions/A/SecurityFoundation
0x00007ff82873c000 	/usr/lib/libutil.dylib
0x00007ff81f679000 	/System/Library/PrivateFrameworks/CoreServicesStore.framework/Versions/A/CoreServicesStore
0x00007ff828740000 	/usr/lib/libxslt.1.dylib
0x00007ff827551000 	/System/Library/PrivateFrameworks/BackgroundTaskManagement.framework/Versions/A/BackgroundTaskManagement
0x00007ff829c69000 	/System/Library/Frameworks/ImageIO.framework/Versions/A/Resources/libRadiance.dylib
0x00007ff829c72000 	/System/Library/Frameworks/ImageIO.framework/Versions/A/Resources/libJPEG.dylib
0x00007ff829bc3000 	/System/Library/Frameworks/ImageIO.framework/Versions/A/Resources/libPng.dylib
0x00007ff829be4000 	/System/Library/Frameworks/ImageIO.framework/Versions/A/Resources/libTIFF.dylib
0x00007ff829cd0000 	/System/Library/Frameworks/ImageIO.framework/Versions/A/Resources/libGIF.dylib
0x00007ff8294f8000 	/System/Library/Frameworks/ImageIO.framework/Versions/A/Resources/libJP2.dylib
0x00007ff828c3a000 	/usr/lib/libexpat.1.dylib
0x00007ff8294ad000 	/System/Library/PrivateFrameworks/AppleJPEG.framework/Versions/A/AppleJPEG
0x00007ff825dcf000 	/System/Library/PrivateFrameworks/FontServices.framework/libFontParser.dylib
0x00007ff82347f000 	/System/Library/PrivateFrameworks/RunningBoardServices.framework/Versions/A/RunningBoardServices
0x00007ff834448000 	/System/Library/PrivateFrameworks/IOSurfaceAccelerator.framework/Versions/A/IOSurfaceAccelerator
0x00007ff8295d7000 	/System/Library/PrivateFrameworks/WatchdogClient.framework/Versions/A/WatchdogClient
0x00007ff81e08b000 	/System/Library/Frameworks/CoreDisplay.framework/Versions/A/CoreDisplay
0x00007ff825cce000 	/System/Library/Frameworks/CoreMedia.framework/Versions/A/CoreMedia
0x00007ff825b6b000 	/System/Library/PrivateFrameworks/IOAccelerator.framework/Versions/A/IOAccelerator
0x00007ff824a7f000 	/System/Library/Frameworks/CoreVideo.framework/Versions/A/CoreVideo
0x00007ff8281c5000 	/System/Library/Frameworks/MetalPerformanceShaders.framework/Versions/A/MetalPerformanceShaders
0x00007ff829612000 	/System/Library/Frameworks/VideoToolbox.framework/Versions/A/VideoToolbox
0x00007ff8233c7000 	/System/Library/PrivateFrameworks/BaseBoard.framework/Versions/A/BaseBoard
0x00007ff823158000 	/System/Library/PrivateFrameworks/ProtocolBuffer.framework/Versions/A/ProtocolBuffer
0x00007ff829c62000 	/System/Library/PrivateFrameworks/GPUWrangler.framework/Versions/A/GPUWrangler
0x00007ff829c45000 	/System/Library/PrivateFrameworks/IOPresentment.framework/Versions/A/IOPresentment
0x00007ff829c6c000 	/System/Library/PrivateFrameworks/DSExternalDisplay.framework/Versions/A/DSExternalDisplay
0x00007ffa351ea000 	/System/Library/Frameworks/OpenGL.framework/Versions/A/Libraries/libCoreFSCache.dylib
0x00007ffb210d2000 	/System/Library/PrivateFrameworks/GPUCompiler.framework/Versions/31001/Libraries/libGPUCompilerUtils.dylib
0x00007ff829cd5000 	/System/Library/PrivateFrameworks/CMCaptureCore.framework/Versions/A/CMCaptureCore
0x00007ff8291e6000 	/System/Library/PrivateFrameworks/AppServerSupport.framework/Versions/A/AppServerSupport
0x00007ff82b3bc000 	/System/Library/PrivateFrameworks/perfdata.framework/Versions/A/perfdata
0x00007ff81e1b7000 	/System/Library/PrivateFrameworks/AudioToolboxCore.framework/Versions/A/AudioToolboxCore
0x00007ff825cab000 	/System/Library/PrivateFrameworks/caulk.framework/Versions/A/caulk
0x00007ff82ace0000 	/usr/lib/libAudioStatistics.dylib
0x00007ff921f9d000 	/System/Library/PrivateFrameworks/SystemPolicy.framework/Versions/A/SystemPolicy
0x00007ff82af35000 	/usr/lib/libSMC.dylib
0x00007ff833d7f000 	/System/Library/Frameworks/CoreMIDI.framework/Versions/A/CoreMIDI
0x00007ff829b93000 	/usr/lib/libAudioToolboxUtility.dylib
0x00007ff91e3af000 	/System/Library/PrivateFrameworks/OSAServicesClient.framework/Versions/A/OSAServicesClient
0x00007ff82b3c9000 	/usr/lib/libperfcheck.dylib
0x00007ff922a2f000 	/usr/lib/libmis.dylib
0x00007ffa35246000 	/System/Library/Frameworks/OpenGL.framework/Versions/A/Libraries/libGLU.dylib
0x00007ffa35209000 	/System/Library/Frameworks/OpenGL.framework/Versions/A/Libraries/libGFXShared.dylib
0x00007ffa35417000 	/System/Library/Frameworks/OpenGL.framework/Versions/A/Libraries/libGL.dylib
0x00007ffa35212000 	/System/Library/Frameworks/OpenGL.framework/Versions/A/Libraries/libGLImage.dylib
0x00007ffa35206000 	/System/Library/Frameworks/OpenGL.framework/Versions/A/Libraries/libCVMSPluginSupport.dylib
0x00007ffa351f1000 	/System/Library/Frameworks/OpenGL.framework/Versions/A/Libraries/libCoreVMClient.dylib
0x00007ff826810000 	/System/Library/Frameworks/MetalPerformanceShaders.framework/Versions/A/Frameworks/MPSCore.framework/Versions/A/MPSCore
0x00007ff827b5e000 	/System/Library/Frameworks/MetalPerformanceShaders.framework/Versions/A/Frameworks/MPSImage.framework/Versions/A/MPSImage
0x00007ff82760d000 	/System/Library/Frameworks/MetalPerformanceShaders.framework/Versions/A/Frameworks/MPSNeuralNetwork.framework/Versions/A/MPSNeuralNetwork
0x00007ff827a82000 	/System/Library/Frameworks/MetalPerformanceShaders.framework/Versions/A/Frameworks/MPSMatrix.framework/Versions/A/MPSMatrix
0x00007ff82783e000 	/System/Library/Frameworks/MetalPerformanceShaders.framework/Versions/A/Frameworks/MPSRayIntersector.framework/Versions/A/MPSRayIntersector
0x00007ff827abb000 	/System/Library/Frameworks/MetalPerformanceShaders.framework/Versions/A/Frameworks/MPSNDArray.framework/Versions/A/MPSNDArray
0x00007ffa39e0b000 	/System/Library/Frameworks/MetalPerformanceShaders.framework/Versions/A/Frameworks/MPSFunctions.framework/Versions/A/MPSFunctions
0x00007ff81d591000 	/System/Library/PrivateFrameworks/MetalTools.framework/Versions/A/MetalTools
0x00007ff82688a000 	/System/Library/PrivateFrameworks/AggregateDictionary.framework/Versions/A/AggregateDictionary
0x00007ff828a1c000 	/usr/lib/libIOReport.dylib
0x00007ffa36826000 	/System/Library/Frameworks/OpenCL.framework/Versions/A/OpenCL
0x00007ff828d80000 	/System/Library/PrivateFrameworks/FaceCore.framework/Versions/A/FaceCore
0x00007ff828d71000 	/System/Library/PrivateFrameworks/GraphVisualizer.framework/Versions/A/GraphVisualizer
0x00007ffb20fdd000 	/System/Library/PrivateFrameworks/FontServices.framework/Versions/A/FontServices
0x00007ff82919d000 	/System/Library/PrivateFrameworks/OTSVG.framework/Versions/A/OTSVG
0x00007ff824667000 	/System/Library/Frameworks/ApplicationServices.framework/Versions/A/Frameworks/ATS.framework/Versions/A/Resources/libFontRegistry.dylib
0x00007ff8291ee000 	/System/Library/PrivateFrameworks/FontServices.framework/libhvf.dylib
0x00007ffb20fde000 	/System/Library/PrivateFrameworks/FontServices.framework/libXTFontStaticRegistryData.dylib
0x00007ff828bea000 	/System/Library/PrivateFrameworks/AppleVA.framework/Versions/A/AppleVA
0x00007ff82ad04000 	/System/Library/Frameworks/ApplicationServices.framework/Versions/A/Frameworks/ATS.framework/Versions/A/ATS
0x00007ff822872000 	/System/Library/Frameworks/ApplicationServices.framework/Versions/A/Frameworks/HIServices.framework/Versions/A/HIServices
0x00007ff829cdf000 	/System/Library/Frameworks/ApplicationServices.framework/Versions/A/Frameworks/PrintCore.framework/Versions/A/PrintCore
0x00007ff82b088000 	/System/Library/Frameworks/ApplicationServices.framework/Versions/A/Frameworks/QD.framework/Versions/A/QD
0x00007ff82b080000 	/System/Library/Frameworks/ApplicationServices.framework/Versions/A/Frameworks/ColorSyncLegacy.framework/Versions/A/ColorSyncLegacy
0x00007ff82acf4000 	/System/Library/Frameworks/ApplicationServices.framework/Versions/A/Frameworks/SpeechSynthesis.framework/Versions/A/SpeechSynthesis
0x00007ff829ca0000 	/System/Library/Frameworks/ApplicationServices.framework/Versions/A/Frameworks/ATSUI.framework/Versions/A/ATSUI
0x00007ff82b015000 	/usr/lib/libcups.2.dylib
0x00007ff82b3d8000 	/System/Library/Frameworks/Kerberos.framework/Versions/A/Kerberos
0x00007ff82b3e7000 	/System/Library/Frameworks/GSS.framework/Versions/A/GSS
0x00007ff82ad70000 	/usr/lib/libresolv.9.dylib
0x00007ff8291fd000 	/System/Library/PrivateFrameworks/Heimdal.framework/Versions/A/Heimdal
0x00007ff831ed5000 	/System/Library/Frameworks/Kerberos.framework/Versions/A/Libraries/libHeimdalProxy.dylib
0x00007ff823554000 	/System/Library/Frameworks/Network.framework/Versions/A/Network
0x00007ff828c54000 	/usr/lib/libheimdal-asn1.dylib
0x00007ff82b433000 	/System/Library/PrivateFrameworks/CommonAuth.framework/Versions/A/CommonAuth
0x00007ff82ac71000 	/System/Library/PrivateFrameworks/AudioSession.framework/Versions/A/AudioSession
0x00007ff828ce4000 	/System/Library/PrivateFrameworks/MediaExperience.framework/Versions/A/MediaExperience
0x00007ff82ab05000 	/System/Library/PrivateFrameworks/AudioSession.framework/libSessionUtility.dylib
0x00007ff82b094000 	/System/Library/PrivateFrameworks/AudioResourceArbitration.framework/Versions/A/AudioResourceArbitration
0x00007ff82f086000 	/System/Library/PrivateFrameworks/PowerLog.framework/Versions/A/PowerLog
0x00007ff828c5d000 	/System/Library/PrivateFrameworks/IconFoundation.framework/Versions/A/IconFoundation
0x00007ff82dea0000 	/System/Library/PrivateFrameworks/SpeechRecognitionCore.framework/Versions/A/SpeechRecognitionCore
0x00007ffa2668c000 	/System/Library/CoreServices/Encodings/libKoreanConverter.dylib
0x000000010a158000 	/Library/Internet Plug-Ins/JavaAppletPlugin.plugin/Contents/Home/lib/server/libjvm.dylib
0x00000001093a8000 	/Library/Internet Plug-Ins/JavaAppletPlugin.plugin/Contents/Home/lib/libverify.dylib
0x00000001093ff000 	/Library/Internet Plug-Ins/JavaAppletPlugin.plugin/Contents/Home/lib/libjava.dylib
0x00000001093d9000 	/Library/Internet Plug-Ins/JavaAppletPlugin.plugin/Contents/Home/lib/libzip.dylib
0x0000000126516000 	/Library/Internet Plug-Ins/JavaAppletPlugin.plugin/Contents/Home/lib/libprism_es2.dylib
0x00007ff81f63a000 	/System/Library/PrivateFrameworks/CoreServicesInternal.framework/Versions/A/CoreServicesInternal
0x00007ffa35422000 	/System/Library/Frameworks/OpenGL.framework/Versions/A/Resources/GLEngine.bundle/GLEngine
0x00007ffa35284000 	/System/Library/Frameworks/OpenGL.framework/Versions/A/Libraries/libGLProgrammability.dylib
0x0000000126dd3000 	/System/Library/Extensions/AppleMetalOpenGLRenderer.bundle/Contents/MacOS/AppleMetalOpenGLRenderer
0x00007ffa355b1000 	/System/Library/Frameworks/OpenGL.framework/Versions/A/Resources/GLRendererFloat.bundle/GLRendererFloat
0x00007ffa2b1a6000 	/System/Library/Extensions/AGXMetalG13X.bundle/Contents/MacOS/AGXMetalG13X
0x00007ff922a4a000 	/System/Library/PrivateFrameworks/GPURawCounter.framework/Versions/A/GPURawCounter
0x00007ff91d57a000 	/System/Library/PrivateFrameworks/IOGPU.framework/Versions/A/IOGPU
0x0000000126fcf000 	/Library/Internet Plug-Ins/JavaAppletPlugin.plugin/Contents/Home/lib/libglass.dylib
0x00007ff82f677000 	/System/Library/Frameworks/FileProvider.framework/Versions/A/FileProvider
0x00007ff823333000 	/System/Library/Frameworks/Accounts.framework/Versions/A/Accounts
0x00007ff82f7ef000 	/System/Library/PrivateFrameworks/GenerationalStorage.framework/Versions/A/GenerationalStorage
0x00007ff830301000 	/System/Library/PrivateFrameworks/CoreSymbolication.framework/Versions/A/CoreSymbolication
0x00007ff82f07b000 	/System/Library/PrivateFrameworks/SymptomDiagnosticReporter.framework/Versions/A/SymptomDiagnosticReporter
0x00007ff8208fe000 	/System/Library/PrivateFrameworks/DesktopServicesPriv.framework/Versions/A/DesktopServicesPriv
0x00007ff81f77b000 	/usr/lib/libsandbox.1.dylib
0x00007ff824afe000 	/System/Library/PrivateFrameworks/UserManagement.framework/Versions/A/UserManagement
0x00007ff8302c6000 	/System/Library/PrivateFrameworks/DebugSymbols.framework/Versions/A/DebugSymbols
0x00007ff82b075000 	/System/Library/PrivateFrameworks/NetAuth.framework/Versions/A/NetAuth
0x00007ff82bf64000 	/System/Library/PrivateFrameworks/Sharing.framework/Versions/A/Sharing
0x00007ff824ad1000 	/System/Library/PrivateFrameworks/login.framework/Versions/A/Frameworks/loginsupport.framework/Versions/A/loginsupport
0x00007ff831407000 	/System/Library/PrivateFrameworks/Apple80211.framework/Versions/A/Apple80211
0x00007ff827c43000 	/System/Library/PrivateFrameworks/AuthKit.framework/Versions/A/AuthKit
0x00007ff827299000 	/System/Library/PrivateFrameworks/CoreUtils.framework/Versions/A/CoreUtils
0x00007ff8271c0000 	/System/Library/Frameworks/CoreWLAN.framework/Versions/A/CoreWLAN
0x00007ff82c0bf000 	/System/Library/Frameworks/IOBluetooth.framework/Versions/A/IOBluetooth
0x00007ff83146f000 	/System/Library/PrivateFrameworks/CoreWiFi.framework/Versions/A/CoreWiFi
0x00007ff82fe9b000 	/System/Library/PrivateFrameworks/FrontBoardServices.framework/Versions/A/FrontBoardServices
0x00007ff82ff2d000 	/System/Library/PrivateFrameworks/BoardServices.framework/Versions/A/BoardServices
0x00007ff8274b3000 	/System/Library/PrivateFrameworks/AssertionServices.framework/Versions/A/AssertionServices
0x00007ff8315f3000 	/System/Library/PrivateFrameworks/BackBoardServices.framework/Versions/A/BackBoardServices
0x00007ff82b4c2000 	/System/Library/PrivateFrameworks/CorePhoneNumbers.framework/Versions/A/CorePhoneNumbers
0x00007ff82f198000 	/System/Library/PrivateFrameworks/DiskManagement.framework/Versions/A/DiskManagement
0x00007ff82f0ac000 	/System/Library/PrivateFrameworks/AppleIDAuthSupport.framework/Versions/A/AppleIDAuthSupport
0x00007ffa3bdc4000 	/System/Library/PrivateFrameworks/AAAFoundation.framework/Versions/A/AAAFoundation
0x00007ff82b4a3000 	/System/Library/PrivateFrameworks/KeychainCircle.framework/Versions/A/KeychainCircle
0x00007ff82f164000 	/System/Library/PrivateFrameworks/MediaKit.framework/Versions/A/MediaKit
0x00007ff82f0b8000 	/System/Library/Frameworks/DiscRecording.framework/Versions/A/DiscRecording
0x00007ff828b62000 	/usr/lib/libCoreStorage.dylib
0x00007ff8318e2000 	/usr/lib/libcsfde.dylib
0x00007ff82c18c000 	/System/Library/PrivateFrameworks/ProtectedCloudStorage.framework/Versions/A/ProtectedCloudStorage
0x00007ff8318de000 	/System/Library/PrivateFrameworks/EFILogin.framework/Versions/A/EFILogin
0x00007ff82f815000 	/System/Library/PrivateFrameworks/OctagonTrust.framework/Versions/A/OctagonTrust
0x00007ffb202ff000 	/System/Library/PrivateFrameworks/CoreUtilsExtras.framework/Versions/A/CoreUtilsExtras
0x00007ff82efee000 	/System/Library/Frameworks/CoreBluetooth.framework/Versions/A/CoreBluetooth
0x00007ff831f5a000 	/System/Library/Frameworks/AudioUnit.framework/Versions/A/AudioUnit
0x00007ff828b5a000 	/usr/lib/libMatch.1.dylib
0x00007ff926e93000 	/System/Library/Frameworks/Accelerate.framework/Versions/A/Frameworks/vImage.framework/Versions/A/Libraries/libCGInterfaces.dylib
0x0000000128309000 	/usr/lib/libobjc-trampolines.dylib
0x00007ff8247f7000 	/System/Library/PrivateFrameworks/ViewBridge.framework/Versions/A/ViewBridge
0x000000012a138000 	/Library/Internet Plug-Ins/JavaAppletPlugin.plugin/Contents/Home/lib/libjavafx_font.dylib
0x00007ff8292b7000 	/System/Library/PrivateFrameworks/login.framework/Versions/A/login
0x000000012cb08000 	/Library/Internet Plug-Ins/JavaAppletPlugin.plugin/Contents/Home/lib/libprism_common.dylib
0x00007ffb32f74000 	/usr/lib/libRosetta.dylib
0x00007ffa3c47e000 	/System/Library/PrivateFrameworks/AccessibilityBundles.framework/Versions/A/AccessibilityBundles

VM Arguments:
jvm_args: -Dfile.encoding=UTF-8 
java_command: application.BounceBallControl
java_class_path (initial): /Users/baejuhyeon/Desktop/eclipse-workspace/JHBounceBall/bin:/Users/baejuhyeon/.p2/pool/plugins/org.eclipse.fx.ide.css.jfx8_3.7.0.202010120832.jar
Launcher Type: SUN_STANDARD

Environment Variables:
PATH=/usr/bin:/bin:/usr/sbin:/sbin
SHELL=/bin/bash

Signal Handlers:
SIGSEGV: [libjvm.dylib+0x59afc1], sa_mask[0]=11111111111111111111111111111111, sa_flags=SA_ONSTACK|SA_RESTART|SA_SIGINFO
SIGBUS: [libjvm.dylib+0x59afc1], sa_mask[0]=11111111111111111111111111111111, sa_flags=SA_RESTART|SA_SIGINFO
SIGFPE: [libjvm.dylib+0x48e907], sa_mask[0]=11111111111111111111111111111111, sa_flags=SA_RESTART|SA_SIGINFO
SIGPIPE: [libjvm.dylib+0x48e907], sa_mask[0]=11111111111111111111111111111111, sa_flags=SA_RESTART|SA_SIGINFO
SIGXFSZ: [libjvm.dylib+0x48e907], sa_mask[0]=11111111111111111111111111111111, sa_flags=SA_RESTART|SA_SIGINFO
SIGILL: [libjvm.dylib+0x48e907], sa_mask[0]=11111111111111111111111111111111, sa_flags=SA_RESTART|SA_SIGINFO
SIGUSR1: SIG_DFL, sa_mask[0]=00000000000000000000000000000000, sa_flags=none
SIGUSR2: [libjvm.dylib+0x48f1f6], sa_mask[0]=00100000000000000000000000000000, sa_flags=SA_RESTART|SA_SIGINFO
SIGHUP: [libjvm.dylib+0x48d453], sa_mask[0]=11111111111111111111111111111111, sa_flags=SA_RESTART|SA_SIGINFO
SIGINT: [libjvm.dylib+0x48d453], sa_mask[0]=11111111111111111111111111111111, sa_flags=SA_RESTART|SA_SIGINFO
SIGTERM: [libjvm.dylib+0x48d453], sa_mask[0]=11111111111111111111111111111111, sa_flags=SA_RESTART|SA_SIGINFO
SIGQUIT: [libjvm.dylib+0x48d453], sa_mask[0]=11111111111111111111111111111111, sa_flags=SA_RESTART|SA_SIGINFO


---------------  S Y S T E M  ---------------

OS:Bsduname:Darwin 21.3.0 Darwin Kernel Version 21.3.0: Wed Jan  5 21:37:58 PST 2022; root:xnu-8019.80.24~20/RELEASE_ARM64_T6000 x86_64
rlimit: STACK 8176k, CORE 0k, NPROC 2666, NOFILE 10240, AS infinity
load average:1.38 1.70 2.19

CPU:total 8 (initial active 8) (1 cores per cpu, 1 threads per core) family 6 model 44 stepping 0, cmov, cx8, fxsr, mmx, sse, sse2, sse3, ssse3, sse4.1, sse4.2, popcnt, aes, clmul, tsc, tscinvbit, tscinv

Memory: 4k page, physical 16777216k(141968k free)

/proc/meminfo:


vm_info: Java HotSpot(TM) 64-Bit Server VM (25.291-b10) for bsd-amd64 JRE (1.8.0_291-b10), built on Apr  8 2021 02:17:24 by "java_re" with gcc 4.2.1 Compatible Apple LLVM 11.0.0 (clang-1100.0.33.17)

time: Fri Mar 11 13:57:11 2022
timezone: KST
elapsed time: 14.200410 seconds (0d 0h 0m 14s)

